0 info it worked if it ends with ok
1 verbose cli [ 'C:\\Program Files\\nodejs\\\\node.exe',
1 verbose cli   'C:\\Program Files\\nodejs\\node_modules\\npm\\bin\\npm-cli.js',
1 verbose cli   'install',
1 verbose cli   '-g',
1 verbose cli   'casperjs' ]
2 info using npm@2.9.1
3 info using node@v0.12.3
4 verbose node symlink C:\Program Files\nodejs\\node.exe
5 verbose install initial load of C:\Users\xiaoguang01\AppData\Roaming\npm\package.json
6 verbose readDependencies loading dependencies from C:\Users\xiaoguang01\AppData\Roaming\npm\package.json
7 silly cache add args [ 'casperjs', null ]
8 verbose cache add spec casperjs
9 silly cache add parsed spec { raw: 'casperjs',
9 silly cache add   scope: null,
9 silly cache add   name: 'casperjs',
9 silly cache add   rawSpec: '',
9 silly cache add   spec: '*',
9 silly cache add   type: 'range' }
10 silly addNamed casperjs@*
11 verbose addNamed "*" is a valid semver range for casperjs
12 silly addNameRange { name: 'casperjs', range: '*', hasData: false }
13 silly mapToRegistry name casperjs
14 silly mapToRegistry using default registry
15 silly mapToRegistry registry https://registry.npmjs.org/
16 silly mapToRegistry uri https://registry.npmjs.org/casperjs
17 verbose addNameRange registry:https://registry.npmjs.org/casperjs not in flight; fetching
18 verbose request uri https://registry.npmjs.org/casperjs
19 verbose request no auth needed
20 info attempt registry request try #1 at 18:26:27
21 verbose request using bearer token for auth
22 verbose request id a80d43f31bf876c4
23 http request GET https://registry.npmjs.org/casperjs
24 info retry will retry, error on last attempt: Error: socket hang up
25 info attempt registry request try #2 at 18:27:40
26 verbose request using bearer token for auth
27 http request GET https://registry.npmjs.org/casperjs
28 info retry will retry, error on last attempt: Error: socket hang up
29 info attempt registry request try #3 at 18:29:45
30 verbose request using bearer token for auth
31 http request GET https://registry.npmjs.org/casperjs
32 verbose stack Error: socket hang up
32 verbose stack     at createHangUpError (_http_client.js:215:15)
32 verbose stack     at TLSSocket.socketOnEnd (_http_client.js:300:23)
32 verbose stack     at TLSSocket.emit (events.js:129:20)
32 verbose stack     at _stream_readable.js:908:16
32 verbose stack     at process._tickCallback (node.js:355:11)
33 verbose cwd D:\ct\zeus
34 error Windows_NT 6.1.7601
35 error argv "C:\\Program Files\\nodejs\\\\node.exe" "C:\\Program Files\\nodejs\\node_modules\\npm\\bin\\npm-cli.js" "install" "-g" "casperjs"
36 error node v0.12.3
37 error npm  v2.9.1
38 error code ECONNRESET
39 error network socket hang up
39 error network This is most likely not a problem with npm itself
39 error network and is related to network connectivity.
39 error network In most cases you are behind a proxy or have bad network settings.
39 error network
39 error network If you are behind a proxy, please make sure that the
39 error network 'proxy' config is set properly.  See: 'npm help config'
40 verbose exit [ 1, true ]
