0 info it worked if it ends with ok
1 verbose cli [ 'C:\\Program Files\\nodejs\\\\node.exe',
1 verbose cli   'C:\\Program Files\\nodejs\\node_modules\\npm\\bin\\npm-cli.js',
1 verbose cli   'publish',
1 verbose cli   '--no-proxy' ]
2 info using npm@3.3.8
3 info using node@v0.12.3
4 verbose publish [ '.' ]
5 silly cache add args [ '.', null ]
6 verbose cache add spec .
7 silly cache add parsed spec { raw: '.',
7 silly cache add   scope: null,
7 silly cache add   name: null,
7 silly cache add   rawSpec: '.',
7 silly cache add   spec: 'D:\\ct\\zeus\\cmd',
7 silly cache add   type: 'directory' }
8 verbose addLocalDirectory C:\Users\xiaoguang01\AppData\Roaming\npm-cache\zeusjs\0.0.3\package.tgz not in flight; packing
9 info lifecycle zeusjs@0.0.3~prepublish: zeusjs@0.0.3
10 silly lifecycle zeusjs@0.0.3~prepublish: no script for prepublish, continuing
11 verbose tar pack [ 'C:\\Users\\xiaoguang01\\AppData\\Roaming\\npm-cache\\zeusjs\\0.0.3\\package.tgz',
11 verbose tar pack   'D:\\ct\\zeus\\cmd' ]
12 verbose tarball C:\Users\xiaoguang01\AppData\Roaming\npm-cache\zeusjs\0.0.3\package.tgz
13 verbose folder D:\ct\zeus\cmd
14 verbose addLocalTarball adding from inside cache C:\Users\xiaoguang01\AppData\Roaming\npm-cache\zeusjs\0.0.3\package.tgz
15 silly cache afterAdd zeusjs@0.0.3
16 verbose afterAdd C:\Users\xiaoguang01\AppData\Roaming\npm-cache\zeusjs\0.0.3\package\package.json not in flight; writing
17 verbose afterAdd C:\Users\xiaoguang01\AppData\Roaming\npm-cache\zeusjs\0.0.3\package\package.json written
18 silly publish { name: 'zeusjs',
18 silly publish   version: '0.0.3',
18 silly publish   description: 'zeus-init',
18 silly publish   main: 'index.js',
18 silly publish   scripts: { test: 'echo "Error: no test specified" && exit 1' },
18 silly publish   author: { name: 'tshawn' },
18 silly publish   license: 'ISC',
18 silly publish   dependencies: { chalk: '^1.1.1', commander: '^2.8.1', shelljs: '^0.5.3' },
18 silly publish   bin: { zeus: './index.js' },
18 silly publish   readme: 'ERROR: No README data found!',
18 silly publish   _id: 'zeusjs@0.0.3',
18 silly publish   _shasum: '6abea28c56a4e5a1d937d4e31a3e3a0b0cb94618',
18 silly publish   _from: '.' }
19 verbose getPublishConfig undefined
20 silly mapToRegistry name zeusjs
21 silly mapToRegistry using default registry
22 silly mapToRegistry registry https://registry.npmjs.org/
23 silly mapToRegistry uri https://registry.npmjs.org/zeusjs
24 verbose publish registryBase https://registry.npmjs.org/
25 silly publish uploading C:\Users\xiaoguang01\AppData\Roaming\npm-cache\zeusjs\0.0.3\package.tgz
26 verbose request uri https://registry.npmjs.org/zeusjs
27 verbose request sending authorization for write operation
28 info attempt registry request try #1 at 22:18:21
29 verbose request using bearer token for auth
30 verbose request id a88f35884c37aef7
31 http request PUT https://registry.npmjs.org/zeusjs
32 info retry will retry, error on last attempt: Error: read ECONNRESET
33 info attempt registry request try #2 at 22:19:03
34 verbose request using bearer token for auth
35 http request PUT https://registry.npmjs.org/zeusjs
36 info retry will retry, error on last attempt: Error: read ECONNRESET
37 info attempt registry request try #3 at 22:20:41
38 verbose request using bearer token for auth
39 http request PUT https://registry.npmjs.org/zeusjs
40 verbose request invalidating C:\Users\xiaoguang01\AppData\Roaming\npm-cache\registry.npmjs.org\zeusjs on PUT
41 error publish Failed PUT undefined
42 verbose stack Error: read ECONNRESET
42 verbose stack     at exports._errnoException (util.js:746:11)
42 verbose stack     at TCP.onread (net.js:559:26)
43 verbose cwd D:\ct\zeus\cmd
44 error Windows_NT 6.1.7601
45 error argv "C:\\Program Files\\nodejs\\\\node.exe" "C:\\Program Files\\nodejs\\node_modules\\npm\\bin\\npm-cli.js" "publish" "--no-proxy"
46 error node v0.12.3
47 error npm  v3.3.8
48 error code ECONNRESET
49 error errno ECONNRESET
50 error syscall read
51 error network read ECONNRESET
51 error network This is most likely not a problem with npm itself
51 error network and is related to network connectivity.
51 error network In most cases you are behind a proxy or have bad network settings.
51 error network
51 error network If you are behind a proxy, please make sure that the
51 error network 'proxy' config is set properly.  See: 'npm help config'
52 verbose exit [ 1, true ]
